c:\users\woo\documents\tetris\tetris\debug\vc142.pdb
c:\users\woo\documents\tetris\tetris\debug\vc142.idb
c:\users\woo\documents\tetris\tetris\debug\main.obj
c:\users\woo\documents\tetris\tetris\debug\keyinput.obj
c:\users\woo\documents\tetris\tetris\debug\gamecore.obj
c:\users\woo\documents\tetris\tetris\debug\gameboard.obj
c:\users\woo\documents\tetris\tetris\debug\time.obj
c:\users\woo\documents\mygames\tetris\tetris\debug\vc142.pdb
c:\users\woo\documents\mygames\tetris\tetris\debug\vc142.idb
c:\users\woo\documents\mygames\tetris\tetris\debug\time.obj
c:\users\woo\documents\mygames\tetris\tetris\debug\main.obj
c:\users\woo\documents\mygames\tetris\tetris\debug\gamecore.obj
c:\users\woo\documents\mygames\tetris\tetris\debug\gameboard.obj
c:\users\woo\documents\mygames\tetris\tetris\debug\keyinput.obj
c:\users\woo\documents\mygames\tetris\tetris\debug\scene.obj
c:\users\woo\documents\mygames\tetris\tetris\debug\gameboardscene.obj
c:\users\woo\documents\mygames\tetris\tetris\debug\scenemanager.obj
c:\users\woo\documents\tetris\debug\tetris.exe
c:\users\woo\documents\tetris\tetris\debug\tetris.ilk
c:\users\woo\documents\tetris\debug\tetris.pdb
c:\users\woo\documents\mygames\tetris\debug\tetris.exe
c:\users\woo\documents\mygames\tetris\tetris\debug\tetris.ilk
c:\users\woo\documents\mygames\tetris\debug\tetris.pdb
c:\users\woo\documents\mygames\tetris\tetris\debug\tetris.tlog\cl.command.1.tlog
c:\users\woo\documents\mygames\tetris\tetris\debug\tetris.tlog\cl.read.1.tlog
c:\users\woo\documents\mygames\tetris\tetris\debug\tetris.tlog\cl.write.1.tlog
c:\users\woo\documents\mygames\tetris\tetris\debug\tetris.tlog\link.command.1.tlog
c:\users\woo\documents\mygames\tetris\tetris\debug\tetris.tlog\link.read.1.tlog
c:\users\woo\documents\mygames\tetris\tetris\debug\tetris.tlog\link.write.1.tlog
